<?xml version="1.0" encoding="UTF-8"?>
<testsuite xmlns:xsi="http://www.w3.org/2001/XMLSchema-instance" xsi:noNamespaceSchemaLocation="https://maven.apache.org/surefire/maven-surefire-plugin/xsd/surefire-test-report-3.0.xsd" version="3.0" name="doan._java_food.ApplicationTests" time="7.711" tests="1" errors="0" skipped="0" failures="0">
  <properties>
[...]
</properties>
  <testcase name="contextLoads" classname="doan._java_food.ApplicationTests" time="0.592">
    <system-out><![CDATA[14:11:03.907 [main] INFO org.springframework.test.context.support.AnnotationConfigContextLoaderUtils -- Could not detect default configuration classes for test class [doan._java_food.ApplicationTests]: ApplicationTests does not declare any static, non-private, non-final, nested classes annotated with @Configuration.
14:11:04.037 [main] INFO org.springframework.boot.test.context.SpringBootTestContextBootstrapper -- Found @SpringBootConfiguration doan._java_food.Application for test class doan._java_food.ApplicationTests
14:11:04.204 [main] INFO org.springframework.boot.devtools.restart.RestartApplicationListener -- Restart disabled due to context in which it is running

  .   ____          _            __ _ _
 /\\ / ___'_ __ _ _(_)_ __  __ _ \ \ \ \
( ( )\___ | '_ | '_| | '_ \/ _` | \ \ \ \
 \\/  ___)| |_)| | | | | || (_| |  ) ) ) )
  '  |____| .__|_| |_|_| |_\__, | / / / /
 =========|_|==============|___/=/_/_/_/
 :: Spring Boot ::                (v3.2.4)

2024-06-17T14:11:04.557+07:00  INFO 42531 --- [2024_java_spring_-thymeleaf_food] [           main] doan._java_food.ApplicationTests         : Starting ApplicationTests using Java 20.0.1 with PID 42531 (started by trungphuna in /Users/trungphuna/Documents/work/web/khodoan/2024/2024_java_spring_api_thymeleaf_food)
2024-06-17T14:11:04.558+07:00  INFO 42531 --- [2024_java_spring_-thymeleaf_food] [           main] doan._java_food.ApplicationTests         : No active profile set, falling back to 1 default profile: "default"
2024-06-17T14:11:06.178+07:00  INFO 42531 --- [2024_java_spring_-thymeleaf_food] [           main] .s.d.r.c.RepositoryConfigurationDelegate : Bootstrapping Spring Data JPA repositories in DEFAULT mode.
2024-06-17T14:11:06.299+07:00  INFO 42531 --- [2024_java_spring_-thymeleaf_food] [           main] .s.d.r.c.RepositoryConfigurationDelegate : Finished Spring Data repository scanning in 112 ms. Found 8 JPA repository interfaces.
2024-06-17T14:11:07.146+07:00  INFO 42531 --- [2024_java_spring_-thymeleaf_food] [           main] o.hibernate.jpa.internal.util.LogHelper  : HHH000204: Processing PersistenceUnitInfo [name: default]
2024-06-17T14:11:07.200+07:00  INFO 42531 --- [2024_java_spring_-thymeleaf_food] [           main] org.hibernate.Version                    : HHH000412: Hibernate ORM core version 6.4.4.Final
2024-06-17T14:11:07.241+07:00  INFO 42531 --- [2024_java_spring_-thymeleaf_food] [           main] o.h.c.internal.RegionFactoryInitiator    : HHH000026: Second-level cache disabled
2024-06-17T14:11:07.320+07:00 DEBUG 42531 --- [2024_java_spring_-thymeleaf_food] [           main] org.hibernate.type.BasicTypeRegistry     : Adding type registration boolean -> org.hibernate.type.BasicTypeReference@43935e9c
2024-06-17T14:11:07.320+07:00 DEBUG 42531 --- [2024_java_spring_-thymeleaf_food] [           main] org.hibernate.type.BasicTypeRegistry     : Adding type registration boolean -> org.hibernate.type.BasicTypeReference@43935e9c
2024-06-17T14:11:07.321+07:00 DEBUG 42531 --- [2024_java_spring_-thymeleaf_food] [           main] org.hibernate.type.BasicTypeRegistry     : Adding type registration java.lang.Boolean -> org.hibernate.type.BasicTypeReference@43935e9c
2024-06-17T14:11:07.321+07:00 DEBUG 42531 --- [2024_java_spring_-thymeleaf_food] [           main] org.hibernate.type.BasicTypeRegistry     : Adding type registration numeric_boolean -> org.hibernate.type.BasicTypeReference@101cf747
2024-06-17T14:11:07.321+07:00 DEBUG 42531 --- [2024_java_spring_-thymeleaf_food] [           main] org.hibernate.type.BasicTypeRegistry     : Adding type registration org.hibernate.type.NumericBooleanConverter -> org.hibernate.type.BasicTypeReference@101cf747
2024-06-17T14:11:07.321+07:00 DEBUG 42531 --- [2024_java_spring_-thymeleaf_food] [           main] org.hibernate.type.BasicTypeRegistry     : Adding type registration true_false -> org.hibernate.type.BasicTypeReference@790d8fdd
2024-06-17T14:11:07.321+07:00 DEBUG 42531 --- [2024_java_spring_-thymeleaf_food] [           main] org.hibernate.type.BasicTypeRegistry     : Adding type registration org.hibernate.type.TrueFalseConverter -> org.hibernate.type.BasicTypeReference@790d8fdd
2024-06-17T14:11:07.321+07:00 DEBUG 42531 --- [2024_java_spring_-thymeleaf_food] [           main] org.hibernate.type.BasicTypeRegistry     : Adding type registration yes_no -> org.hibernate.type.BasicTypeReference@6403a4a5
2024-06-17T14:11:07.322+07:00 DEBUG 42531 --- [2024_java_spring_-thymeleaf_food] [           main] org.hibernate.type.BasicTypeRegistry     : Adding type registration org.hibernate.type.YesNoConverter -> org.hibernate.type.BasicTypeReference@6403a4a5
2024-06-17T14:11:07.322+07:00 DEBUG 42531 --- [2024_java_spring_-thymeleaf_food] [           main] org.hibernate.type.BasicTypeRegistry     : Adding type registration byte -> org.hibernate.type.BasicTypeReference@3dbd7107
2024-06-17T14:11:07.322+07:00 DEBUG 42531 --- [2024_java_spring_-thymeleaf_food] [           main] org.hibernate.type.BasicTypeRegistry     : Adding type registration byte -> org.hibernate.type.BasicTypeReference@3dbd7107
2024-06-17T14:11:07.322+07:00 DEBUG 42531 --- [2024_java_spring_-thymeleaf_food] [           main] org.hibernate.type.BasicTypeRegistry     : Adding type registration java.lang.Byte -> org.hibernate.type.BasicTypeReference@3dbd7107
2024-06-17T14:11:07.322+07:00 DEBUG 42531 --- [2024_java_spring_-thymeleaf_food] [           main] org.hibernate.type.BasicTypeRegistry     : Adding type registration binary -> org.hibernate.type.BasicTypeReference@4a6c0f38
2024-06-17T14:11:07.322+07:00 DEBUG 42531 --- [2024_java_spring_-thymeleaf_food] [           main] org.hibernate.type.BasicTypeRegistry     : Adding type registration byte[] -> org.hibernate.type.BasicTypeReference@4a6c0f38
2024-06-17T14:11:07.322+07:00 DEBUG 42531 --- [2024_java_spring_-thymeleaf_food] [           main] org.hibernate.type.BasicTypeRegistry     : Adding type registration [B -> org.hibernate.type.BasicTypeReference@4a6c0f38
2024-06-17T14:11:07.323+07:00 DEBUG 42531 --- [2024_java_spring_-thymeleaf_food] [           main] org.hibernate.type.BasicTypeRegistry     : Adding type registration binary_wrapper -> org.hibernate.type.BasicTypeReference@5f8a02cf
2024-06-17T14:11:07.323+07:00 DEBUG 42531 --- [2024_java_spring_-thymeleaf_food] [           main] org.hibernate.type.BasicTypeRegistry     : Adding type registration wrapper-binary -> org.hibernate.type.BasicTypeReference@5f8a02cf
2024-06-17T14:11:07.323+07:00 DEBUG 42531 --- [2024_java_spring_-thymeleaf_food] [           main] org.hibernate.type.BasicTypeRegistry     : Adding type registration image -> org.hibernate.type.BasicTypeReference@26d5a317
2024-06-17T14:11:07.323+07:00 DEBUG 42531 --- [2024_java_spring_-thymeleaf_food] [           main] org.hibernate.type.BasicTypeRegistry     : Adding type registration blob -> org.hibernate.type.BasicTypeReference@70b6db83
2024-06-17T14:11:07.323+07:00 DEBUG 42531 --- [2024_java_spring_-thymeleaf_food] [           main] org.hibernate.type.BasicTypeRegistry     : Adding type registration java.sql.Blob -> org.hibernate.type.BasicTypeReference@70b6db83
2024-06-17T14:11:07.324+07:00 DEBUG 42531 --- [2024_java_spring_-thymeleaf_food] [           main] org.hibernate.type.BasicTypeRegistry     : Adding type registration materialized_blob -> org.hibernate.type.BasicTypeReference@5a090f62
2024-06-17T14:11:07.324+07:00 DEBUG 42531 --- [2024_java_spring_-thymeleaf_food] [           main] org.hibernate.type.BasicTypeRegistry     : Adding type registration materialized_blob_wrapper -> org.hibernate.type.BasicTypeReference@559af296
2024-06-17T14:11:07.324+07:00 DEBUG 42531 --- [2024_java_spring_-thymeleaf_food] [           main] org.hibernate.type.BasicTypeRegistry     : Adding type registration short -> org.hibernate.type.BasicTypeReference@5edc3e29
2024-06-17T14:11:07.324+07:00 DEBUG 42531 --- [2024_java_spring_-thymeleaf_food] [           main] org.hibernate.type.BasicTypeRegistry     : Adding type registration short -> org.hibernate.type.BasicTypeReference@5edc3e29
2024-06-17T14:11:07.324+07:00 DEBUG 42531 --- [2024_java_spring_-thymeleaf_food] [           main] org.hibernate.type.BasicTypeRegistry     : Adding type registration java.lang.Short -> org.hibernate.type.BasicTypeReference@5edc3e29
2024-06-17T14:11:07.324+07:00 DEBUG 42531 --- [2024_java_spring_-thymeleaf_food] [           main] org.hibernate.type.BasicTypeRegistry     : Adding type registration integer -> org.hibernate.type.BasicTypeReference@18709cb2
2024-06-17T14:11:07.325+07:00 DEBUG 42531 --- [2024_java_spring_-thymeleaf_food] [           main] org.hibernate.type.BasicTypeRegistry     : Adding type registration int -> org.hibernate.type.BasicTypeReference@18709cb2
2024-06-17T14:11:07.325+07:00 DEBUG 42531 --- [2024_java_spring_-thymeleaf_food] [           main] org.hibernate.type.BasicTypeRegistry     : Adding type registration java.lang.Integer -> org.hibernate.type.BasicTypeReference@18709cb2
2024-06-17T14:11:07.325+07:00 DEBUG 42531 --- [2024_java_spring_-thymeleaf_food] [           main] org.hibernate.type.BasicTypeRegistry     : Adding type registration long -> org.hibernate.type.BasicTypeReference@a90e2c1
2024-06-17T14:11:07.325+07:00 DEBUG 42531 --- [2024_java_spring_-thymeleaf_food] [           main] org.hibernate.type.BasicTypeRegistry     : Adding type registration long -> org.hibernate.type.BasicTypeReference@a90e2c1
2024-06-17T14:11:07.325+07:00 DEBUG 42531 --- [2024_java_spring_-thymeleaf_food] [           main] org.hibernate.type.BasicTypeRegistry     : Adding type registration java.lang.Long -> org.hibernate.type.BasicTypeReference@a90e2c1
2024-06-17T14:11:07.325+07:00 DEBUG 42531 --- [2024_java_spring_-thymeleaf_food] [           main] org.hibernate.type.BasicTypeRegistry     : Adding type registration float -> org.hibernate.type.BasicTypeReference@89caf47
2024-06-17T14:11:07.325+07:00 DEBUG 42531 --- [2024_java_spring_-thymeleaf_food] [           main] org.hibernate.type.BasicTypeRegistry     : Adding type registration float -> org.hibernate.type.BasicTypeReference@89caf47
2024-06-17T14:11:07.326+07:00 DEBUG 42531 --- [2024_java_spring_-thymeleaf_food] [           main] org.hibernate.type.BasicTypeRegistry     : Adding type registration java.lang.Float -> org.hibernate.type.BasicTypeReference@89caf47
2024-06-17T14:11:07.326+07:00 DEBUG 42531 --- [2024_java_spring_-thymeleaf_food] [           main] org.hibernate.type.BasicTypeRegistry     : Adding type registration double -> org.hibernate.type.BasicTypeReference@370ef50b
2024-06-17T14:11:07.326+07:00 DEBUG 42531 --- [2024_java_spring_-thymeleaf_food] [           main] org.hibernate.type.BasicTypeRegistry     : Adding type registration double -> org.hibernate.type.BasicTypeReference@370ef50b
2024-06-17T14:11:07.326+07:00 DEBUG 42531 --- [2024_java_spring_-thymeleaf_food] [           main] org.hibernate.type.BasicTypeRegistry     : Adding type registration java.lang.Double -> org.hibernate.type.BasicTypeReference@370ef50b
2024-06-17T14:11:07.326+07:00 DEBUG 42531 --- [2024_java_spring_-thymeleaf_food] [           main] org.hibernate.type.BasicTypeRegistry     : Adding type registration big_integer -> org.hibernate.type.BasicTypeReference@2b877a54
2024-06-17T14:11:07.326+07:00 DEBUG 42531 --- [2024_java_spring_-thymeleaf_food] [           main] org.hibernate.type.BasicTypeRegistry     : Adding type registration java.math.BigInteger -> org.hibernate.type.BasicTypeReference@2b877a54
2024-06-17T14:11:07.327+07:00 DEBUG 42531 --- [2024_java_spring_-thymeleaf_food] [           main] org.hibernate.type.BasicTypeRegistry     : Adding type registration big_decimal -> org.hibernate.type.BasicTypeReference@268c030f
2024-06-17T14:11:07.327+07:00 DEBUG 42531 --- [2024_java_spring_-thymeleaf_food] [           main] org.hibernate.type.BasicTypeRegistry     : Adding type registration java.math.BigDecimal -> org.hibernate.type.BasicTypeReference@268c030f
2024-06-17T14:11:07.327+07:00 DEBUG 42531 --- [2024_java_spring_-thymeleaf_food] [           main] org.hibernate.type.BasicTypeRegistry     : Adding type registration character -> org.hibernate.type.BasicTypeReference@4b87760e
2024-06-17T14:11:07.327+07:00 DEBUG 42531 --- [2024_java_spring_-thymeleaf_food] [           main] org.hibernate.type.BasicTypeRegistry     : Adding type registration char -> org.hibernate.type.BasicTypeReference@4b87760e
2024-06-17T14:11:07.327+07:00 DEBUG 42531 --- [2024_java_spring_-thymeleaf_food] [           main] org.hibernate.type.BasicTypeRegistry     : Adding type registration java.lang.Character -> org.hibernate.type.BasicTypeReference@4b87760e
2024-06-17T14:11:07.327+07:00 DEBUG 42531 --- [2024_java_spring_-thymeleaf_food] [           main] org.hibernate.type.BasicTypeRegistry     : Adding type registration character_nchar -> org.hibernate.type.BasicTypeReference@be164d8
2024-06-17T14:11:07.328+07:00 DEBUG 42531 --- [2024_java_spring_-thymeleaf_food] [           main] org.hibernate.type.BasicTypeRegistry     : Adding type registration string -> org.hibernate.type.BasicTypeReference@1b24ea2a
2024-06-17T14:11:07.328+07:00 DEBUG 42531 --- [2024_java_spring_-thymeleaf_food] [           main] org.hibernate.type.BasicTypeRegistry     : Adding type registration java.lang.String -> org.hibernate.type.BasicTypeReference@1b24ea2a
2024-06-17T14:11:07.328+07:00 DEBUG 42531 --- [2024_java_spring_-thymeleaf_food] [           main] org.hibernate.type.BasicTypeRegistry     : Adding type registration nstring -> org.hibernate.type.BasicTypeReference@5df6163a
2024-06-17T14:11:07.328+07:00 DEBUG 42531 --- [2024_java_spring_-thymeleaf_food] [           main] org.hibernate.type.BasicTypeRegistry     : Adding type registration characters -> org.hibernate.type.BasicTypeReference@2d313c8c
2024-06-17T14:11:07.328+07:00 DEBUG 42531 --- [2024_java_spring_-thymeleaf_food] [           main] org.hibernate.type.BasicTypeRegistry     : Adding type registration char[] -> org.hibernate.type.BasicTypeReference@2d313c8c
2024-06-17T14:11:07.328+07:00 DEBUG 42531 --- [2024_java_spring_-thymeleaf_food] [           main] org.hibernate.type.BasicTypeRegistry     : Adding type registration [C -> org.hibernate.type.BasicTypeReference@2d313c8c
2024-06-17T14:11:07.328+07:00 DEBUG 42531 --- [2024_java_spring_-thymeleaf_food] [           main] org.hibernate.type.BasicTypeRegistry     : Adding type registration wrapper-characters -> org.hibernate.type.BasicTypeReference@2df65a56
2024-06-17T14:11:07.329+07:00 DEBUG 42531 --- [2024_java_spring_-thymeleaf_food] [           main] org.hibernate.type.BasicTypeRegistry     : Adding type registration text -> org.hibernate.type.BasicTypeReference@113f9078
2024-06-17T14:11:07.329+07:00 DEBUG 42531 --- [2024_java_spring_-thymeleaf_food] [           main] org.hibernate.type.BasicTypeRegistry     : Adding type registration ntext -> org.hibernate.type.BasicTypeReference@7c1503a3
2024-06-17T14:11:07.329+07:00 DEBUG 42531 --- [2024_java_spring_-thymeleaf_food] [           main] org.hibernate.type.BasicTypeRegistry     : Adding type registration clob -> org.hibernate.type.BasicTypeReference@586495f1
2024-06-17T14:11:07.329+07:00 DEBUG 42531 --- [2024_java_spring_-thymeleaf_food] [           main] org.hibernate.type.BasicTypeRegistry     : Adding type registration java.sql.Clob -> org.hibernate.type.BasicTypeReference@586495f1
2024-06-17T14:11:07.329+07:00 DEBUG 42531 --- [2024_java_spring_-thymeleaf_food] [           main] org.hibernate.type.BasicTypeRegistry     : Adding type registration nclob -> org.hibernate.type.BasicTypeReference@47df5041
2024-06-17T14:11:07.329+07:00 DEBUG 42531 --- [2024_java_spring_-thymeleaf_food] [           main] org.hibernate.type.BasicTypeRegistry     : Adding type registration java.sql.NClob -> org.hibernate.type.BasicTypeReference@47df5041
2024-06-17T14:11:07.329+07:00 DEBUG 42531 --- [2024_java_spring_-thymeleaf_food] [           main] org.hibernate.type.BasicTypeRegistry     : Adding type registration materialized_clob -> org.hibernate.type.BasicTypeReference@2a0ea492
2024-06-17T14:11:07.330+07:00 DEBUG 42531 --- [2024_java_spring_-thymeleaf_food] [           main] org.hibernate.type.BasicTypeRegistry     : Adding type registration materialized_clob_char_array -> org.hibernate.type.BasicTypeReference@7e52a26b
2024-06-17T14:11:07.330+07:00 DEBUG 42531 --- [2024_java_spring_-thymeleaf_food] [           main] org.hibernate.type.BasicTypeRegistry     : Adding type registration materialized_clob_character_array -> org.hibernate.type.BasicTypeReference@2e56b4d
2024-06-17T14:11:07.330+07:00 DEBUG 42531 --- [2024_java_spring_-thymeleaf_food] [           main] org.hibernate.type.BasicTypeRegistry     : Adding type registration materialized_nclob -> org.hibernate.type.BasicTypeReference@3f857e08
2024-06-17T14:11:07.330+07:00 DEBUG 42531 --- [2024_java_spring_-thymeleaf_food] [           main] org.hibernate.type.BasicTypeRegistry     : Adding type registration materialized_nclob_character_array -> org.hibernate.type.BasicTypeReference@6070775e
2024-06-17T14:11:07.330+07:00 DEBUG 42531 --- [2024_java_spring_-thymeleaf_food] [           main] org.hibernate.type.BasicTypeRegistry     : Adding type registration materialized_nclob_char_array -> org.hibernate.type.BasicTypeReference@b5ac0c1
2024-06-17T14:11:07.330+07:00 DEBUG 42531 --- [2024_java_spring_-thymeleaf_food] [           main] org.hibernate.type.BasicTypeRegistry     : Adding type registration Duration -> org.hibernate.type.BasicTypeReference@224c7de4
2024-06-17T14:11:07.330+07:00 DEBUG 42531 --- [2024_java_spring_-thymeleaf_food] [           main] org.hibernate.type.BasicTypeRegistry     : Adding type registration java.time.Duration -> org.hibernate.type.BasicTypeReference@224c7de4
2024-06-17T14:11:07.331+07:00 DEBUG 42531 --- [2024_java_spring_-thymeleaf_food] [           main] org.hibernate.type.BasicTypeRegistry     : Adding type registration LocalDateTime -> org.hibernate.type.BasicTypeReference@36ad229b
2024-06-17T14:11:07.331+07:00 DEBUG 42531 --- [2024_java_spring_-thymeleaf_food] [           main] org.hibernate.type.BasicTypeRegistry     : Adding type registration java.time.LocalDateTime -> org.hibernate.type.BasicTypeReference@36ad229b
2024-06-17T14:11:07.331+07:00 DEBUG 42531 --- [2024_java_spring_-thymeleaf_food] [           main] org.hibernate.type.BasicTypeRegistry     : Adding type registration LocalDate -> org.hibernate.type.BasicTypeReference@55846997
2024-06-17T14:11:07.331+07:00 DEBUG 42531 --- [2024_java_spring_-thymeleaf_food] [           main] org.hibernate.type.BasicTypeRegistry     : Adding type registration java.time.LocalDate -> org.hibernate.type.BasicTypeReference@55846997
2024-06-17T14:11:07.331+07:00 DEBUG 42531 --- [2024_java_spring_-thymeleaf_food] [           main] org.hibernate.type.BasicTypeRegistry     : Adding type registration LocalTime -> org.hibernate.type.BasicTypeReference@805e72e
2024-06-17T14:11:07.331+07:00 DEBUG 42531 --- [2024_java_spring_-thymeleaf_food] [           main] org.hibernate.type.BasicTypeRegistry     : Adding type registration java.time.LocalTime -> org.hibernate.type.BasicTypeReference@805e72e
2024-06-17T14:11:07.331+07:00 DEBUG 42531 --- [2024_java_spring_-thymeleaf_food] [           main] org.hibernate.type.BasicTypeRegistry     : Adding type registration OffsetDateTime -> org.hibernate.type.BasicTypeReference@49671897
2024-06-17T14:11:07.332+07:00 DEBUG 42531 --- [2024_java_spring_-thymeleaf_food] [           main] org.hibernate.type.BasicTypeRegistry     : Adding type registration java.time.OffsetDateTime -> org.hibernate.type.BasicTypeReference@49671897
2024-06-17T14:11:07.332+07:00 DEBUG 42531 --- [2024_java_spring_-thymeleaf_food] [           main] org.hibernate.type.BasicTypeRegistry     : Adding type registration OffsetDateTimeWithTimezone -> org.hibernate.type.BasicTypeReference@168142da
2024-06-17T14:11:07.332+07:00 DEBUG 42531 --- [2024_java_spring_-thymeleaf_food] [           main] org.hibernate.type.BasicTypeRegistry     : Adding type registration OffsetDateTimeWithoutTimezone -> org.hibernate.type.BasicTypeReference@60bf494c
2024-06-17T14:11:07.332+07:00 DEBUG 42531 --- [2024_java_spring_-thymeleaf_food] [           main] org.hibernate.type.BasicTypeRegistry     : Adding type registration OffsetTime -> org.hibernate.type.BasicTypeReference@47a4eee2
2024-06-17T14:11:07.332+07:00 DEBUG 42531 --- [2024_java_spring_-thymeleaf_food] [           main] org.hibernate.type.BasicTypeRegistry     : Adding type registration java.time.OffsetTime -> org.hibernate.type.BasicTypeReference@47a4eee2
2024-06-17T14:11:07.332+07:00 DEBUG 42531 --- [2024_java_spring_-thymeleaf_food] [           main] org.hibernate.type.BasicTypeRegistry     : Adding type registration OffsetTimeUtc -> org.hibernate.type.BasicTypeReference@36f6e521
2024-06-17T14:11:07.332+07:00 DEBUG 42531 --- [2024_java_spring_-thymeleaf_food] [           main] org.hibernate.type.BasicTypeRegistry     : Adding type registration OffsetTimeWithTimezone -> org.hibernate.type.BasicTypeReference@2afdf6b7
2024-06-17T14:11:07.333+07:00 DEBUG 42531 --- [2024_java_spring_-thymeleaf_food] [           main] org.hibernate.type.BasicTypeRegistry     : Adding type registration OffsetTimeWithoutTimezone -> org.hibernate.type.BasicTypeReference@30922f8d
2024-06-17T14:11:07.333+07:00 DEBUG 42531 --- [2024_java_spring_-thymeleaf_food] [           main] org.hibernate.type.BasicTypeRegistry     : Adding type registration ZonedDateTime -> org.hibernate.type.BasicTypeReference@50211483
2024-06-17T14:11:07.333+07:00 DEBUG 42531 --- [2024_java_spring_-thymeleaf_food] [           main] org.hibernate.type.BasicTypeRegistry     : Adding type registration java.time.ZonedDateTime -> org.hibernate.type.BasicTypeReference@50211483
2024-06-17T14:11:07.333+07:00 DEBUG 42531 --- [2024_java_spring_-thymeleaf_food] [           main] org.hibernate.type.BasicTypeRegistry     : Adding type registration ZonedDateTimeWithTimezone -> org.hibernate.type.BasicTypeReference@51ff3c4b
2024-06-17T14:11:07.333+07:00 DEBUG 42531 --- [2024_java_spring_-thymeleaf_food] [           main] org.hibernate.type.BasicTypeRegistry     : Adding type registration ZonedDateTimeWithoutTimezone -> org.hibernate.type.BasicTypeReference@1472208d
2024-06-17T14:11:07.333+07:00 DEBUG 42531 --- [2024_java_spring_-thymeleaf_food] [           main] org.hibernate.type.BasicTypeRegistry     : Adding type registration date -> org.hibernate.type.BasicTypeReference@35bd8bc9
2024-06-17T14:11:07.333+07:00 DEBUG 42531 --- [2024_java_spring_-thymeleaf_food] [           main] org.hibernate.type.BasicTypeRegistry     : Adding type registration java.sql.Date -> org.hibernate.type.BasicTypeReference@35bd8bc9
2024-06-17T14:11:07.334+07:00 DEBUG 42531 --- [2024_java_spring_-thymeleaf_food] [           main] org.hibernate.type.BasicTypeRegistry     : Adding type registration time -> org.hibernate.type.BasicTypeReference@6de004f1
2024-06-17T14:11:07.334+07:00 DEBUG 42531 --- [2024_java_spring_-thymeleaf_food] [           main] org.hibernate.type.BasicTypeRegistry     : Adding type registration java.sql.Time -> org.hibernate.type.BasicTypeReference@6de004f1
2024-06-17T14:11:07.334+07:00 DEBUG 42531 --- [2024_java_spring_-thymeleaf_food] [           main] org.hibernate.type.BasicTypeRegistry     : Adding type registration timestamp -> org.hibernate.type.BasicTypeReference@45d56062
2024-06-17T14:11:07.334+07:00 DEBUG 42531 --- [2024_java_spring_-thymeleaf_food] [           main] org.hibernate.type.BasicTypeRegistry     : Adding type registration java.sql.Timestamp -> org.hibernate.type.BasicTypeReference@45d56062
2024-06-17T14:11:07.334+07:00 DEBUG 42531 --- [2024_java_spring_-thymeleaf_food] [           main] org.hibernate.type.BasicTypeRegistry     : Adding type registration java.util.Date -> org.hibernate.type.BasicTypeReference@45d56062
2024-06-17T14:11:07.334+07:00 DEBUG 42531 --- [2024_java_spring_-thymeleaf_food] [           main] org.hibernate.type.BasicTypeRegistry     : Adding type registration calendar -> org.hibernate.type.BasicTypeReference@4026461d
2024-06-17T14:11:07.334+07:00 DEBUG 42531 --- [2024_java_spring_-thymeleaf_food] [           main] org.hibernate.type.BasicTypeRegistry     : Adding type registration java.util.Calendar -> org.hibernate.type.BasicTypeReference@4026461d
2024-06-17T14:11:07.334+07:00 DEBUG 42531 --- [2024_java_spring_-thymeleaf_food] [           main] org.hibernate.type.BasicTypeRegistry     : Adding type registration java.util.GregorianCalendar -> org.hibernate.type.BasicTypeReference@4026461d
2024-06-17T14:11:07.335+07:00 DEBUG 42531 --- [2024_java_spring_-thymeleaf_food] [           main] org.hibernate.type.BasicTypeRegistry     : Adding type registration calendar_date -> org.hibernate.type.BasicTypeReference@191c6e13
2024-06-17T14:11:07.335+07:00 DEBUG 42531 --- [2024_java_spring_-thymeleaf_food] [           main] org.hibernate.type.BasicTypeRegistry     : Adding type registration calendar_time -> org.hibernate.type.BasicTypeReference@7436364d
2024-06-17T14:11:07.335+07:00 DEBUG 42531 --- [2024_java_spring_-thymeleaf_food] [           main] org.hibernate.type.BasicTypeRegistry     : Adding type registration instant -> org.hibernate.type.BasicTypeReference@1a8e9ed9
2024-06-17T14:11:07.335+07:00 DEBUG 42531 --- [2024_java_spring_-thymeleaf_food] [           main] org.hibernate.type.BasicTypeRegistry     : Adding type registration java.time.Instant -> org.hibernate.type.BasicTypeReference@1a8e9ed9
2024-06-17T14:11:07.335+07:00 DEBUG 42531 --- [2024_java_spring_-thymeleaf_food] [           main] org.hibernate.type.BasicTypeRegistry     : Adding type registration uuid -> org.hibernate.type.BasicTypeReference@68ea253b
2024-06-17T14:11:07.335+07:00 DEBUG 42531 --- [2024_java_spring_-thymeleaf_food] [           main] org.hibernate.type.BasicTypeRegistry     : Adding type registration java.util.UUID -> org.hibernate.type.BasicTypeReference@68ea253b
2024-06-17T14:11:07.335+07:00 DEBUG 42531 --- [2024_java_spring_-thymeleaf_food] [           main] org.hibernate.type.BasicTypeRegistry     : Adding type registration pg-uuid -> org.hibernate.type.BasicTypeReference@68ea253b
2024-06-17T14:11:07.336+07:00 DEBUG 42531 --- [2024_java_spring_-thymeleaf_food] [           main] org.hibernate.type.BasicTypeRegistry     : Adding type registration uuid-binary -> org.hibernate.type.BasicTypeReference@12fcb2c3
2024-06-17T14:11:07.336+07:00 DEBUG 42531 --- [2024_java_spring_-thymeleaf_food] [           main] org.hibernate.type.BasicTypeRegistry     : Adding type registration uuid-char -> org.hibernate.type.BasicTypeReference@57bd6a8f
2024-06-17T14:11:07.336+07:00 DEBUG 42531 --- [2024_java_spring_-thymeleaf_food] [           main] org.hibernate.type.BasicTypeRegistry     : Adding type registration class -> org.hibernate.type.BasicTypeReference@39ab5ef7
2024-06-17T14:11:07.336+07:00 DEBUG 42531 --- [2024_java_spring_-thymeleaf_food] [           main] org.hibernate.type.BasicTypeRegistry     : Adding type registration java.lang.Class -> org.hibernate.type.BasicTypeReference@39ab5ef7
2024-06-17T14:11:07.336+07:00 DEBUG 42531 --- [2024_java_spring_-thymeleaf_food] [           main] org.hibernate.type.BasicTypeRegistry     : Adding type registration currency -> org.hibernate.type.BasicTypeReference@517704
2024-06-17T14:11:07.336+07:00 DEBUG 42531 --- [2024_java_spring_-thymeleaf_food] [           main] org.hibernate.type.BasicTypeRegistry     : Adding type registration Currency -> org.hibernate.type.BasicTypeReference@517704
2024-06-17T14:11:07.336+07:00 DEBUG 42531 --- [2024_java_spring_-thymeleaf_food] [           main] org.hibernate.type.BasicTypeRegistry     : Adding type registration java.util.Currency -> org.hibernate.type.BasicTypeReference@517704
2024-06-17T14:11:07.337+07:00 DEBUG 42531 --- [2024_java_spring_-thymeleaf_food] [           main] org.hibernate.type.BasicTypeRegistry     : Adding type registration locale -> org.hibernate.type.BasicTypeReference@77cca767
2024-06-17T14:11:07.337+07:00 DEBUG 42531 --- [2024_java_spring_-thymeleaf_food] [           main] org.hibernate.type.BasicTypeRegistry     : Adding type registration java.util.Locale -> org.hibernate.type.BasicTypeReference@77cca767
2024-06-17T14:11:07.337+07:00 DEBUG 42531 --- [2024_java_spring_-thymeleaf_food] [           main] org.hibernate.type.BasicTypeRegistry     : Adding type registration serializable -> org.hibernate.type.BasicTypeReference@4b195203
2024-06-17T14:11:07.337+07:00 DEBUG 42531 --- [2024_java_spring_-thymeleaf_food] [           main] org.hibernate.type.BasicTypeRegistry     : Adding type registration java.io.Serializable -> org.hibernate.type.BasicTypeReference@4b195203
2024-06-17T14:11:07.337+07:00 DEBUG 42531 --- [2024_java_spring_-thymeleaf_food] [           main] org.hibernate.type.BasicTypeRegistry     : Adding type registration timezone -> org.hibernate.type.BasicTypeReference@28a6e171
2024-06-17T14:11:07.337+07:00 DEBUG 42531 --- [2024_java_spring_-thymeleaf_food] [           main] org.hibernate.type.BasicTypeRegistry     : Adding type registration java.util.TimeZone -> org.hibernate.type.BasicTypeReference@28a6e171
2024-06-17T14:11:07.338+07:00 DEBUG 42531 --- [2024_java_spring_-thymeleaf_food] [           main] org.hibernate.type.BasicTypeRegistry     : Adding type registration ZoneOffset -> org.hibernate.type.BasicTypeReference@23444a36
2024-06-17T14:11:07.338+07:00 DEBUG 42531 --- [2024_java_spring_-thymeleaf_food] [           main] org.hibernate.type.BasicTypeRegistry     : Adding type registration java.time.ZoneOffset -> org.hibernate.type.BasicTypeReference@23444a36
2024-06-17T14:11:07.338+07:00 DEBUG 42531 --- [2024_java_spring_-thymeleaf_food] [           main] org.hibernate.type.BasicTypeRegistry     : Adding type registration url -> org.hibernate.type.BasicTypeReference@31a136a6
2024-06-17T14:11:07.338+07:00 DEBUG 42531 --- [2024_java_spring_-thymeleaf_food] [           main] org.hibernate.type.BasicTypeRegistry     : Adding type registration java.net.URL -> org.hibernate.type.BasicTypeReference@31a136a6
2024-06-17T14:11:07.338+07:00 DEBUG 42531 --- [2024_java_spring_-thymeleaf_food] [           main] org.hibernate.type.BasicTypeRegistry     : Adding type registration vector -> org.hibernate.type.BasicTypeReference@30a9e3db
2024-06-17T14:11:07.338+07:00 DEBUG 42531 --- [2024_java_spring_-thymeleaf_food] [           main] org.hibernate.type.BasicTypeRegistry     : Adding type registration row_version -> org.hibernate.type.BasicTypeReference@2f9b21d6
2024-06-17T14:11:07.345+07:00 DEBUG 42531 --- [2024_java_spring_-thymeleaf_food] [           main] org.hibernate.type.BasicTypeRegistry     : Adding type registration object -> org.hibernate.type.JavaObjectType@491f8831
2024-06-17T14:11:07.346+07:00 DEBUG 42531 --- [2024_java_spring_-thymeleaf_food] [           main] org.hibernate.type.BasicTypeRegistry     : Adding type registration java.lang.Object -> org.hibernate.type.JavaObjectType@491f8831
2024-06-17T14:11:07.351+07:00 DEBUG 42531 --- [2024_java_spring_-thymeleaf_food] [           main] org.hibernate.type.BasicTypeRegistry     : Adding type registration null -> org.hibernate.type.NullType@280fafd
2024-06-17T14:11:07.353+07:00 DEBUG 42531 --- [2024_java_spring_-thymeleaf_food] [           main] org.hibernate.type.BasicTypeRegistry     : Adding type registration imm_date -> org.hibernate.type.BasicTypeReference@39e53bef
2024-06-17T14:11:07.354+07:00 DEBUG 42531 --- [2024_java_spring_-thymeleaf_food] [           main] org.hibernate.type.BasicTypeRegistry     : Adding type registration imm_time -> org.hibernate.type.BasicTypeReference@4ed18798
2024-06-17T14:11:07.354+07:00 DEBUG 42531 --- [2024_java_spring_-thymeleaf_food] [           main] org.hibernate.type.BasicTypeRegistry     : Adding type registration imm_timestamp -> org.hibernate.type.BasicTypeReference@4b03cbad
2024-06-17T14:11:07.355+07:00 DEBUG 42531 --- [2024_java_spring_-thymeleaf_food] [           main] org.hibernate.type.BasicTypeRegistry     : Adding type registration imm_calendar -> org.hibernate.type.BasicTypeReference@5b29ab61
2024-06-17T14:11:07.355+07:00 DEBUG 42531 --- [2024_java_spring_-thymeleaf_food] [           main] org.hibernate.type.BasicTypeRegistry     : Adding type registration imm_calendar_date -> org.hibernate.type.BasicTypeReference@5c313224
2024-06-17T14:11:07.355+07:00 DEBUG 42531 --- [2024_java_spring_-thymeleaf_food] [           main] org.hibernate.type.BasicTypeRegistry     : Adding type registration imm_calendar_time -> org.hibernate.type.BasicTypeReference@1e1e837d
2024-06-17T14:11:07.355+07:00 DEBUG 42531 --- [2024_java_spring_-thymeleaf_food] [           main] org.hibernate.type.BasicTypeRegistry     : Adding type registration imm_binary -> org.hibernate.type.BasicTypeReference@4b957db0
2024-06-17T14:11:07.355+07:00 DEBUG 42531 --- [2024_java_spring_-thymeleaf_food] [           main] org.hibernate.type.BasicTypeRegistry     : Adding type registration imm_serializable -> org.hibernate.type.BasicTypeReference@5d71b500
2024-06-17T14:11:07.552+07:00  INFO 42531 --- [2024_java_spring_-thymeleaf_food] [           main] o.s.o.j.p.SpringPersistenceUnitInfo      : No LoadTimeWeaver setup: ignoring JPA class transformer
2024-06-17T14:11:07.596+07:00  INFO 42531 --- [2024_java_spring_-thymeleaf_food] [           main] com.zaxxer.hikari.HikariDataSource       : HikariPool-1 - Starting...
2024-06-17T14:11:08.082+07:00  INFO 42531 --- [2024_java_spring_-thymeleaf_food] [           main] com.zaxxer.hikari.pool.HikariPool        : HikariPool-1 - Added connection com.mysql.cj.jdbc.ConnectionImpl@74fc3fc7
2024-06-17T14:11:08.084+07:00  INFO 42531 --- [2024_java_spring_-thymeleaf_food] [           main] com.zaxxer.hikari.HikariDataSource       : HikariPool-1 - Start completed.
2024-06-17T14:11:08.125+07:00  WARN 42531 --- [2024_java_spring_-thymeleaf_food] [           main] org.hibernate.dialect.Dialect            : HHH000511: The 5.7.34 version for [org.hibernate.dialect.MySQLDialect] is no longer supported, hence certain features may not work properly. The minimum supported version is 8.0.0. Check the community dialects project for available legacy versions.
2024-06-17T14:11:08.130+07:00  WARN 42531 --- [2024_java_spring_-thymeleaf_food] [           main] org.hibernate.orm.deprecation            : HHH90000025: MySQLDialect does not need to be specified explicitly using 'hibernate.dialect' (remove the property setting and it will be selected by default)
2024-06-17T14:11:08.156+07:00 DEBUG 42531 --- [2024_java_spring_-thymeleaf_food] [           main] o.h.t.d.sql.spi.DdlTypeRegistry          : addDescriptor(12, org.hibernate.type.descriptor.sql.internal.CapacityDependentDdlType@10f20d38) replaced previous registration(org.hibernate.type.descriptor.sql.internal.CapacityDependentDdlType@538aa83f)
2024-06-17T14:11:08.156+07:00 DEBUG 42531 --- [2024_java_spring_-thymeleaf_food] [           main] o.h.t.d.sql.spi.DdlTypeRegistry          : addDescriptor(-9, org.hibernate.type.descriptor.sql.internal.CapacityDependentDdlType@63e70bf9) replaced previous registration(org.hibernate.type.descriptor.sql.internal.CapacityDependentDdlType@402a69f)
2024-06-17T14:11:08.156+07:00 DEBUG 42531 --- [2024_java_spring_-thymeleaf_food] [           main] o.h.t.d.sql.spi.DdlTypeRegistry          : addDescriptor(-3, org.hibernate.type.descriptor.sql.internal.CapacityDependentDdlType@419f0ea) replaced previous registration(org.hibernate.type.descriptor.sql.internal.CapacityDependentDdlType@2d47b06)
2024-06-17T14:11:08.156+07:00 DEBUG 42531 --- [2024_java_spring_-thymeleaf_food] [           main] o.h.t.d.sql.spi.DdlTypeRegistry          : addDescriptor(4003, org.hibernate.type.descriptor.sql.internal.DdlTypeImpl@59371066) replaced previous registration(org.hibernate.type.descriptor.sql.internal.DdlTypeImpl@48106381)
2024-06-17T14:11:08.156+07:00 DEBUG 42531 --- [2024_java_spring_-thymeleaf_food] [           main] o.h.t.d.sql.spi.DdlTypeRegistry          : addDescriptor(4001, org.hibernate.type.descriptor.sql.internal.DdlTypeImpl@3c544c9) replaced previous registration(org.hibernate.type.descriptor.sql.internal.DdlTypeImpl@22e813fc)
2024-06-17T14:11:08.156+07:00 DEBUG 42531 --- [2024_java_spring_-thymeleaf_food] [           main] o.h.t.d.sql.spi.DdlTypeRegistry          : addDescriptor(4002, org.hibernate.type.descriptor.sql.internal.DdlTypeImpl@433d93e7) replaced previous registration(org.hibernate.type.descriptor.sql.internal.DdlTypeImpl@87aec6a)
2024-06-17T14:11:08.157+07:00 DEBUG 42531 --- [2024_java_spring_-thymeleaf_food] [           main] o.h.t.d.sql.spi.DdlTypeRegistry          : addDescriptor(2004, org.hibernate.type.descriptor.sql.internal.CapacityDependentDdlType@213012a0) replaced previous registration(org.hibernate.type.descriptor.sql.internal.DdlTypeImpl@43a59289)
2024-06-17T14:11:08.157+07:00 DEBUG 42531 --- [2024_java_spring_-thymeleaf_food] [           main] o.h.t.d.sql.spi.DdlTypeRegistry          : addDescriptor(2005, org.hibernate.type.descriptor.sql.internal.CapacityDependentDdlType@6c2883b1) replaced previous registration(org.hibernate.type.descriptor.sql.internal.DdlTypeImpl@336e3be2)
2024-06-17T14:11:08.157+07:00 DEBUG 42531 --- [2024_java_spring_-thymeleaf_food] [           main] o.h.t.d.sql.spi.DdlTypeRegistry          : addDescriptor(2011, org.hibernate.type.descriptor.sql.internal.CapacityDependentDdlType@126a9a3d) replaced previous registration(org.hibernate.type.descriptor.sql.internal.DdlTypeImpl@7db47323)
2024-06-17T14:11:08.158+07:00 DEBUG 42531 --- [2024_java_spring_-thymeleaf_food] [           main] o.h.t.d.jdbc.spi.JdbcTypeRegistry        : addDescriptor(NCharTypeDescriptor) replaced previous registration(CharTypeDescriptor)
2024-06-17T14:11:08.158+07:00 DEBUG 42531 --- [2024_java_spring_-thymeleaf_food] [           main] o.h.t.d.jdbc.spi.JdbcTypeRegistry        : addDescriptor(NVarcharTypeDescriptor) replaced previous registration(VarcharTypeDescriptor)
2024-06-17T14:11:08.159+07:00 DEBUG 42531 --- [2024_java_spring_-thymeleaf_food] [           main] o.h.t.d.jdbc.spi.JdbcTypeRegistry        : addDescriptor(LongNVarcharTypeDescriptor) replaced previous registration(LongVarcharTypeDescriptor)
2024-06-17T14:11:08.161+07:00 DEBUG 42531 --- [2024_java_spring_-thymeleaf_food] [           main] o.h.t.d.jdbc.spi.JdbcTypeRegistry        : addDescriptor(NClobTypeDescriptor(DEFAULT)) replaced previous registration(ClobTypeDescriptor(DEFAULT))
2024-06-17T14:11:08.161+07:00 DEBUG 42531 --- [2024_java_spring_-thymeleaf_food] [           main] o.h.t.d.jdbc.spi.JdbcTypeRegistry        : addDescriptor(2005, ClobTypeDescriptor(STREAM_BINDING)) replaced previous registration(ClobTypeDescriptor(DEFAULT))
2024-06-17T14:11:08.164+07:00 DEBUG 42531 --- [2024_java_spring_-thymeleaf_food] [           main] org.hibernate.type.BasicTypeRegistry     : Adding type registration null -> org.hibernate.type.NullType@33f349ae
2024-06-17T14:11:08.164+07:00 DEBUG 42531 --- [2024_java_spring_-thymeleaf_food] [           main] org.hibernate.type.BasicTypeRegistry     : Type registration key [null] overrode previous entry : `org.hibernate.type.NullType@280fafd`
2024-06-17T14:11:08.169+07:00 DEBUG 42531 --- [2024_java_spring_-thymeleaf_food] [           main] org.hibernate.type.BasicTypeRegistry     : Adding type registration org.hibernate.type.DurationType -> basicType@1(java.time.Duration,3015)
2024-06-17T14:11:08.169+07:00 DEBUG 42531 --- [2024_java_spring_-thymeleaf_food] [           main] org.hibernate.type.BasicTypeRegistry     : Adding type registration Duration -> basicType@1(java.time.Duration,3015)
2024-06-17T14:11:08.169+07:00 DEBUG 42531 --- [2024_java_spring_-thymeleaf_food] [           main] org.hibernate.type.BasicTypeRegistry     : Adding type registration java.time.Duration -> basicType@1(java.time.Duration,3015)
2024-06-17T14:11:08.172+07:00 DEBUG 42531 --- [2024_java_spring_-thymeleaf_food] [           main] org.hibernate.type.BasicTypeRegistry     : Adding type registration org.hibernate.type.OffsetDateTimeType -> basicType@2(java.time.OffsetDateTime,3003)
2024-06-17T14:11:08.172+07:00 DEBUG 42531 --- [2024_java_spring_-thymeleaf_food] [           main] org.hibernate.type.BasicTypeRegistry     : Adding type registration OffsetDateTime -> basicType@2(java.time.OffsetDateTime,3003)
2024-06-17T14:11:08.172+07:00 DEBUG 42531 --- [2024_java_spring_-thymeleaf_food] [           main] org.hibernate.type.BasicTypeRegistry     : Adding type registration java.time.OffsetDateTime -> basicType@2(java.time.OffsetDateTime,3003)
2024-06-17T14:11:08.172+07:00 DEBUG 42531 --- [2024_java_spring_-thymeleaf_food] [           main] org.hibernate.type.BasicTypeRegistry     : Adding type registration org.hibernate.type.ZonedDateTimeType -> basicType@3(java.time.ZonedDateTime,3003)
2024-06-17T14:11:08.172+07:00 DEBUG 42531 --- [2024_java_spring_-thymeleaf_food] [           main] org.hibernate.type.BasicTypeRegistry     : Adding type registration ZonedDateTime -> basicType@3(java.time.ZonedDateTime,3003)
2024-06-17T14:11:08.172+07:00 DEBUG 42531 --- [2024_java_spring_-thymeleaf_food] [           main] org.hibernate.type.BasicTypeRegistry     : Adding type registration java.time.ZonedDateTime -> basicType@3(java.time.ZonedDateTime,3003)
2024-06-17T14:11:08.173+07:00 DEBUG 42531 --- [2024_java_spring_-thymeleaf_food] [           main] org.hibernate.type.BasicTypeRegistry     : Adding type registration org.hibernate.type.OffsetTimeType -> basicType@4(java.time.OffsetTime,3007)
2024-06-17T14:11:08.173+07:00 DEBUG 42531 --- [2024_java_spring_-thymeleaf_food] [           main] org.hibernate.type.BasicTypeRegistry     : Adding type registration OffsetTime -> basicType@4(java.time.OffsetTime,3007)
2024-06-17T14:11:08.173+07:00 DEBUG 42531 --- [2024_java_spring_-thymeleaf_food] [           main] org.hibernate.type.BasicTypeRegistry     : Adding type registration java.time.OffsetTime -> basicType@4(java.time.OffsetTime,3007)
2024-06-17T14:11:08.175+07:00 DEBUG 42531 --- [2024_java_spring_-thymeleaf_food] [           main] o.h.type.spi.TypeConfiguration$Scope     : Scoping TypeConfiguration [org.hibernate.type.spi.TypeConfiguration@6dc2279c] to MetadataBuildingContext [org.hibernate.boot.internal.MetadataBuildingContextRootImpl@7d7b4e04]
2024-06-17T14:11:09.303+07:00  INFO 42531 --- [2024_java_spring_-thymeleaf_food] [           main] o.h.e.t.j.p.i.JtaPlatformInitiator       : HHH000489: No JTA platform available (set 'hibernate.transaction.jta.platform' to enable JTA platform integration)
2024-06-17T14:11:09.304+07:00 DEBUG 42531 --- [2024_java_spring_-thymeleaf_food] [           main] o.h.type.spi.TypeConfiguration$Scope     : Scoping TypeConfiguration [org.hibernate.type.spi.TypeConfiguration@6dc2279c] to SessionFactoryImplementor [org.hibernate.internal.SessionFactoryImpl@3140ad41]
2024-06-17T14:11:09.408+07:00 TRACE 42531 --- [2024_java_spring_-thymeleaf_food] [           main] o.h.type.spi.TypeConfiguration$Scope     : Handling #sessionFactoryCreated from [org.hibernate.internal.SessionFactoryImpl@3140ad41] for TypeConfiguration
2024-06-17T14:11:09.409+07:00  INFO 42531 --- [2024_java_spring_-thymeleaf_food] [           main] j.LocalContainerEntityManagerFactoryBean : Initialized JPA EntityManagerFactory for persistence unit 'default'
2024-06-17T14:11:09.783+07:00  INFO 42531 --- [2024_java_spring_-thymeleaf_food] [           main] o.s.d.j.r.query.QueryEnhancerFactory     : Hibernate is in classpath; If applicable, HQL parser will be used.
2024-06-17T14:11:10.027+07:00  WARN 42531 --- [2024_java_spring_-thymeleaf_food] [           main] JpaBaseConfiguration$JpaWebConfiguration : spring.jpa.open-in-view is enabled by default. Therefore, database queries may be performed during view rendering. Explicitly configure spring.jpa.open-in-view to disable this warning
2024-06-17T14:11:10.148+07:00  INFO 42531 --- [2024_java_spring_-thymeleaf_food] [           main] o.s.b.a.w.s.WelcomePageHandlerMapping    : Adding welcome page: class path resource [static/index.html]
2024-06-17T14:11:10.195+07:00  WARN 42531 --- [2024_java_spring_-thymeleaf_food] [           main] s.w.s.m.m.a.RequestMappingHandlerMapping : Multiple @RequestMapping annotations found on public java.lang.String doan._java_food.controller.admin.HomeController.getHomeAdm(org.springframework.ui.Model,java.security.Principal), but only the first will be used: [@org.springframework.web.bind.annotation.RequestMapping(consumes={}, headers={}, method={}, name="", params={}, path={"/"}, produces={}, value={"/"}), @org.springframework.web.bind.annotation.GetMapping(consumes={}, headers={}, name="", params={}, path={}, produces={}, value={})]
2024-06-17T14:11:10.394+07:00  INFO 42531 --- [2024_java_spring_-thymeleaf_food] [           main] o.s.s.web.DefaultSecurityFilterChain     : Will secure any request with [org.springframework.security.web.session.DisableEncodeUrlFilter@3ede428e, org.springframework.security.web.context.request.async.WebAsyncManagerIntegrationFilter@70a8654, org.springframework.security.web.context.SecurityContextHolderFilter@1d7f2719, org.springframework.security.web.header.HeaderWriterFilter@2a1be9f8, org.springframework.web.filter.CorsFilter@671c71e8, org.springframework.security.web.authentication.logout.LogoutFilter@5bdef8ee, org.springframework.security.web.authentication.UsernamePasswordAuthenticationFilter@669b8190, org.springframework.security.web.savedrequest.RequestCacheAwareFilter@106387cf, org.springframework.security.web.servletapi.SecurityContextHolderAwareRequestFilter@3d3c14c3, org.springframework.security.web.authentication.AnonymousAuthenticationFilter@7d5176d6, org.springframework.security.web.access.ExceptionTranslationFilter@2e0de20d, org.springframework.security.web.access.intercept.AuthorizationFilter@2d21d12b]
2024-06-17T14:11:10.752+07:00  WARN 42531 --- [2024_java_spring_-thymeleaf_food] [           main] o.s.s.c.a.web.builders.WebSecurity       : You are asking Spring Security to ignore Ant [pattern='/static/**']. This is not recommended -- please use permitAll via HttpSecurity#authorizeHttpRequests instead.
2024-06-17T14:11:10.752+07:00  INFO 42531 --- [2024_java_spring_-thymeleaf_food] [           main] o.s.s.web.DefaultSecurityFilterChain     : Will not secure Ant [pattern='/static/**']
2024-06-17T14:11:10.753+07:00  WARN 42531 --- [2024_java_spring_-thymeleaf_food] [           main] o.s.s.c.a.web.builders.WebSecurity       : You are asking Spring Security to ignore Ant [pattern='/assets/**']. This is not recommended -- please use permitAll via HttpSecurity#authorizeHttpRequests instead.
2024-06-17T14:11:10.753+07:00  INFO 42531 --- [2024_java_spring_-thymeleaf_food] [           main] o.s.s.web.DefaultSecurityFilterChain     : Will not secure Ant [pattern='/assets/**']
2024-06-17T14:11:10.753+07:00  WARN 42531 --- [2024_java_spring_-thymeleaf_food] [           main] o.s.s.c.a.web.builders.WebSecurity       : You are asking Spring Security to ignore Ant [pattern='/uploads/**']. This is not recommended -- please use permitAll via HttpSecurity#authorizeHttpRequests instead.
2024-06-17T14:11:10.753+07:00  INFO 42531 --- [2024_java_spring_-thymeleaf_food] [           main] o.s.s.web.DefaultSecurityFilterChain     : Will not secure Ant [pattern='/uploads/**']
2024-06-17T14:11:10.753+07:00  WARN 42531 --- [2024_java_spring_-thymeleaf_food] [           main] o.s.s.c.a.web.builders.WebSecurity       : You are asking Spring Security to ignore Ant [pattern='/fe/**']. This is not recommended -- please use permitAll via HttpSecurity#authorizeHttpRequests instead.
2024-06-17T14:11:10.753+07:00  INFO 42531 --- [2024_java_spring_-thymeleaf_food] [           main] o.s.s.web.DefaultSecurityFilterChain     : Will not secure Ant [pattern='/fe/**']
2024-06-17T14:11:10.753+07:00  WARN 42531 --- [2024_java_spring_-thymeleaf_food] [           main] o.s.s.c.a.web.builders.WebSecurity       : You are asking Spring Security to ignore Ant [pattern='/career/**']. This is not recommended -- please use permitAll via HttpSecurity#authorizeHttpRequests instead.
2024-06-17T14:11:10.753+07:00  INFO 42531 --- [2024_java_spring_-thymeleaf_food] [           main] o.s.s.web.DefaultSecurityFilterChain     : Will not secure Ant [pattern='/career/**']
2024-06-17T14:11:10.753+07:00  WARN 42531 --- [2024_java_spring_-thymeleaf_food] [           main] o.s.s.c.a.web.builders.WebSecurity       : You are asking Spring Security to ignore Ant [pattern='/images/**']. This is not recommended -- please use permitAll via HttpSecurity#authorizeHttpRequests instead.
2024-06-17T14:11:10.753+07:00  INFO 42531 --- [2024_java_spring_-thymeleaf_food] [           main] o.s.s.web.DefaultSecurityFilterChain     : Will not secure Ant [pattern='/images/**']
2024-06-17T14:11:10.753+07:00  WARN 42531 --- [2024_java_spring_-thymeleaf_food] [           main] o.s.s.c.a.web.builders.WebSecurity       : You are asking Spring Security to ignore Ant [pattern='/company-detail/**']. This is not recommended -- please use permitAll via HttpSecurity#authorizeHttpRequests instead.
2024-06-17T14:11:10.753+07:00  INFO 42531 --- [2024_java_spring_-thymeleaf_food] [           main] o.s.s.web.DefaultSecurityFilterChain     : Will not secure Ant [pattern='/company-detail/**']
2024-06-17T14:11:10.753+07:00  WARN 42531 --- [2024_java_spring_-thymeleaf_food] [           main] o.s.s.c.a.web.builders.WebSecurity       : You are asking Spring Security to ignore Ant [pattern='/active/**']. This is not recommended -- please use permitAll via HttpSecurity#authorizeHttpRequests instead.
2024-06-17T14:11:10.753+07:00  INFO 42531 --- [2024_java_spring_-thymeleaf_food] [           main] o.s.s.web.DefaultSecurityFilterChain     : Will not secure Ant [pattern='/active/**']
2024-06-17T14:11:10.815+07:00  INFO 42531 --- [2024_java_spring_-thymeleaf_food] [           main] doan._java_food.ApplicationTests         : Started ApplicationTests in 6.623 seconds (process running for 7.727)
]]></system-out>
  </testcase>
</testsuite>